BEGIN 3:FIFO_if:fast__1:work
    underflow :  1:FIFO_mon_pkg:fast:work
    data_in :  1:FIFO_mon_pkg:fast:work
    empty :  1:FIFO_mon_pkg:fast:work
    rst_n :  1:FIFO_mon_pkg:fast:work
    wr_ack :  1:FIFO_mon_pkg:fast:work
    clk :  1:FIFO_mon_pkg:fast:work
    almostfull :  1:FIFO_mon_pkg:fast:work
    wr_en :  1:FIFO_mon_pkg:fast:work
    overflow :  1:FIFO_mon_pkg:fast:work
    almostempty :  1:FIFO_mon_pkg:fast:work
    rd_en :  1:FIFO_mon_pkg:fast:work
    full :  1:FIFO_mon_pkg:fast:work
    data_out :  1:FIFO_mon_pkg:fast:work
END 
BEGIN 3:FIFO_if:fast__2:work
    overflow :  1:FIFO_sva:fast:work 1:FIFO:fast:work
    rst_n :  1:FIFO_sva:fast:work 1:FIFO:fast:work
    almostfull :  1:FIFO_sva:fast:work 1:FIFO:fast:work
    empty :  1:FIFO_sva:fast:work 1:FIFO:fast:work
    underflow :  1:FIFO_sva:fast:work 1:FIFO:fast:work
    clk :  1:FIFO_sva:fast:work 1:FIFO:fast:work
    data_in :  1:FIFO:fast:work
    wr_en :  1:FIFO_sva:fast:work 1:FIFO:fast:work
    almostempty :  1:FIFO_sva:fast:work 1:FIFO:fast:work
    data_out :  1:FIFO_sva:fast:work 1:FIFO:fast:work
    rd_en :  1:FIFO_sva:fast:work 1:FIFO:fast:work
    full :  1:FIFO_sva:fast:work 1:FIFO:fast:work
    wr_ack :  1:FIFO_sva:fast:work 1:FIFO:fast:work
END 
BEGIN 1:FIFO:fast:work
    wr_ptr :  1:FIFO_sva:fast:work
    rd_ptr :  1:FIFO_sva:fast:work
    count :  1:FIFO_sva:fast:work
END 
